<html>
<body>
<pre>
<h1>µVision Build Log</h1>
<h2>Tool Versions:</h2>
IDE-Version: ¦ÌVision V5.28.0.0
Copyright (C) 2019 ARM Ltd and ARM Germany GmbH. All rights reserved.
License Information: 1 gtx, 1, LIC=LSNXV-PUKWB-Y88FK-ZR34C-C5LI0-39TN7
 
Tool Versions:
Toolchain:       MDK-ARM Plus  Version: 5.28.0.0
Toolchain Path:  C:\Keil_v5\ARM\ARMCC\Bin
C Compiler:      Armcc.exe V5.06 update 6 (build 750)
Assembler:       Armasm.exe V5.06 update 6 (build 750)
Linker/Locator:  ArmLink.exe V5.06 update 6 (build 750)
Library Manager: ArmAr.exe V5.06 update 6 (build 750)
Hex Converter:   FromElf.exe V5.06 update 6 (build 750)
CPU DLL:         SARMCM3.DLL V5.28.0.0
Dialog DLL:      DCM.DLL V1.17.3.0
Target DLL:      Segger\JL2CM3.dll V2.99.36.0
Dialog DLL:      TCM.DLL V1.36.2.0
 
<h2>Project:</h2>
F:\Bluetooth\project\mdk5\ble.uvprojx
Project File Date:  01/08/2022

<h2>Output:</h2>
*** Using Compiler 'V5.06 update 6 (build 750)', folder: 'C:\Keil_v5\ARM\ARMCC\Bin'
Rebuild target 's140_nrf52_7.2.0_softdevice'
Before Build - User command #1: attrib +R ..\..\components\softdevice\s140\hex\\*
compiling main.c...
compiling boards.c...
compiling bsp_btn_ble.c...
..\..\components\libraries\bsp\bsp_btn_ble.c(234): error:  #94: the size of an array must be greater than zero
  NRF_SDH_BLE_OBSERVER(m_ble_observer, BSP_BTN_BLE_OBSERVER_PRIO, ble_evt_handler, NULL);
..\..\components\libraries\bsp\bsp_btn_ble.c: 0 warnings, 1 error
compiling bsp.c...
compiling utf.c...
compiling ble_advertising.c...
compiling auth_status_tracker.c...
compiling ble_advdata.c...
compiling ble_conn_params.c...
compiling ble_srv_common.c...
compiling ble_conn_state.c...
..\..\components\ble\common\ble_conn_state.c(280): error:  #94: the size of an array must be greater than zero
  NRF_SDH_BLE_OBSERVER(m_ble_evt_observer, BLE_CONN_STATE_BLE_OBSERVER_PRIO, ble_evt_handler, NULL);
..\..\components\ble\common\ble_conn_state.c: 0 warnings, 1 error
compiling gatts_cache_manager.c...
compiling gatt_cache_manager.c...
compiling id_manager.c...
compiling peer_data_storage.c...
compiling nrf_ble_gatt.c...
compiling nrf_ble_qwr.c...
compiling peer_manager.c...
compiling peer_database.c...
compiling peer_id.c...
compiling pm_buffer.c...
compiling security_dispatcher.c...
compiling peer_manager_handler.c...
compiling security_manager.c...
compiling nrfx_adc.c...
compiling nrfx_clock.c...
compiling nrfx_comp.c...
compiling nrfx_dppi.c...
compiling nrfx_gpiote.c...
compiling nrfx_i2s.c...
compiling nrfx_nfct.c...
compiling nrfx_lpcomp.c...
compiling nrfx_nvmc.c...
compiling nrfx_pdm.c...
compiling nrfx_power.c...
compiling nrfx_ppi.c...
compiling nrfx_pwm.c...
compiling nrfx_qdec.c...
compiling nrfx_qspi.c...
compiling nrfx_rtc.c...
compiling nrfx_rng.c...
compiling nrfx_saadc.c...
compiling nrfx_spim.c...
compiling nrfx_spi.c...
compiling nrfx_spis.c...
compiling nrfx_swi.c...
compiling nrfx_systick.c...
compiling nrfx_temp.c...
compiling nrfx_timer.c...
compiling nrfx_twi.c...
compiling nrfx_twim.c...
compiling nrfx_twis.c...
compiling nrfx_uart.c...
compiling nrfx_twi_twim.c...
compiling nrfx_uarte.c...
compiling nrfx_wdt.c...
compiling nrfx_usbd.c...
compiling nrf_drv_uart.c...
..\..\integration\nrfx\legacy\nrf_drv_uart.h(122): error:  #20: identifier "nrf_uarte_baudrate_t" is undefined
      typedef nrf_uarte_baudrate_t        nrf_uart_baudrate_t;
..\..\integration\nrfx\legacy\nrf_drv_uart.h(127): error:  #20: identifier "nrf_uarte_error_mask_t" is undefined
      typedef nrf_uarte_error_mask_t      nrf_uart_error_mask_t;
..\..\integration\nrfx\legacy\nrf_drv_uart.h(130): error:  #20: identifier "nrf_uarte_hwfc_t" is undefined
      typedef nrf_uarte_hwfc_t            nrf_uart_hwfc_t;
..\..\integration\nrfx\legacy\nrf_drv_uart.h(133): error:  #20: identifier "nrf_uarte_parity_t" is undefined
      typedef nrf_uarte_parity_t          nrf_uart_parity_t;
..\..\integration\nrfx\legacy\nrf_drv_uart.h(134): error:  #20: identifier "nrf_uarte_task_t" is undefined
      typedef nrf_uarte_task_t            nrf_uart_task_t;
..\..\integration\nrfx\legacy\nrf_drv_uart.h(135): error:  #20: identifier "nrf_uarte_event_t" is undefined
      typedef nrf_uarte_event_t           nrf_uart_event_t;
KB: Unexpected type: 0
<error type>KB: Unexpected type: 0
<error type>KB: Unexpected type: 0
<error type>KB: Unexpected type: 0
error type>(124): warning:  #550-D: variable "config"  was set but never used
      nrf_drv_uart_config_t config = *p_config;
..\..\integration\nrfx\legacy\nrf_drv_uart.c(49): warning:  #550-D: variable "m_handlers"  was set but never used
  static nrf_uart_event_handler_t m_handlers[INSTANCE_COUNT];
..\..\integration\nrfx\legacy\nrf_drv_uart.c(50): warning:  #550-D: variable "m_contexts"  was set but never used
  static void *                   m_contexts[INSTANCE_COUNT];
..\..\integration\nrfx\legacy\nrf_drv_uart.c: 3 warnings, 6 errors
compiling nrfx_prs.c...
compiling nrf_drv_clock.c...
compiling app_error.c...
"no source": Error:  #5: cannot open source input file "..\..\components\libraries\app_error.c": No such file or directory
..\..\components\libraries\app_error.c: 0 warnings, 1 error
compiling app_button.c...
compiling app_error_handler_keil.c...
compiling app_error_weak.c...
compiling app_util_platform.c...
compiling app_scheduler.c...
compiling app_timer2.c...
compiling crc16.c...
compiling drv_rtc.c...
compiling fds.c...
compiling hardfault_implementation.c...
compiling nrf_atomic.c...
compiling nrf_atfifo.c...
compiling nrf_atflags.c...
compiling nrf_fprintf.c...
compiling nrf_fstorage.c...
compiling nrf_fprintf_format.c...
compiling nrf_balloc.c...
compiling nrf_pwr_mgmt.c...
compiling nrf_fstorage_sd.c...
compiling nrf_memobj.c...
compiling nrf_assert.c...
compiling nrf_section_iter.c...
compiling nrf_ringbuf.c...
compiling sensorsim.c...
compiling nrf_strerror.c...
compiling nrf_log_backend_rtt.c...
compiling nrf_sortlist.c...
compiling nrf_log_backend_serial.c...
compiling nrf_log_backend_uart.c...
compiling nrf_log_default_backends.c...
compiling nrf_log_frontend.c...
compiling SEGGER_RTT.c...
..\..\external\segger_rtt\SEGGER_RTT.h(121): error:  #20: identifier "SEGGER_RTT_CONFIG_MAX_NUM_UP_BUFFERS" is undefined
    SEGGER_RTT_BUFFER_UP    aUp[SEGGER_RTT_MAX_NUM_UP_BUFFERS];       // Up buffers, transferring information up from target via debug probe to host
..\..\external\segger_rtt\SEGGER_RTT.h(122): error:  #20: identifier "SEGGER_RTT_CONFIG_MAX_NUM_DOWN_BUFFERS" is undefined
    SEGGER_RTT_BUFFER_DOWN  aDown[SEGGER_RTT_MAX_NUM_DOWN_BUFFERS];   // Down buffers, transferring information down from host via debug probe to target
..\..\external\segger_rtt\SEGGER_RTT.c(256): error:  #20: identifier "SEGGER_RTT_CONFIG_BUFFER_SIZE_UP" is undefined
  SEGGER_RTT_PUT_BUFFER_SECTION(SEGGER_RTT_BUFFER_ALIGN(static char _acUpBuffer  [BUFFER_SIZE_UP]));
..\..\external\segger_rtt\SEGGER_RTT.c(257): error:  #20: identifier "SEGGER_RTT_CONFIG_BUFFER_SIZE_DOWN" is undefined
  SEGGER_RTT_PUT_BUFFER_SECTION(SEGGER_RTT_BUFFER_ALIGN(static char _acDownBuffer[BUFFER_SIZE_DOWN]));
..\..\external\segger_rtt\SEGGER_RTT.c(296): error:  #20: identifier "SEGGER_RTT_CONFIG_DEFAULT_MODE" is undefined
    p->aUp[0].Flags         = SEGGER_RTT_MODE_DEFAULT;
..\..\external\segger_rtt\SEGGER_RTT.c: 0 warnings, 5 errors
compiling nrf_log_str_formatter.c...
compiling SEGGER_RTT_Syscalls_KEIL.c...
..\..\external\segger_rtt\SEGGER_RTT.h(121): error:  #20: identifier "SEGGER_RTT_CONFIG_MAX_NUM_UP_BUFFERS" is undefined
    SEGGER_RTT_BUFFER_UP    aUp[SEGGER_RTT_MAX_NUM_UP_BUFFERS];       // Up buffers, transferring information up from target via debug probe to host
..\..\external\segger_rtt\SEGGER_RTT.h(122): error:  #20: identifier "SEGGER_RTT_CONFIG_MAX_NUM_DOWN_BUFFERS" is undefined
    SEGGER_RTT_BUFFER_DOWN  aDown[SEGGER_RTT_MAX_NUM_DOWN_BUFFERS];   // Down buffers, transferring information down from host via debug probe to target
..\..\external\segger_rtt\SEGGER_RTT_Syscalls_KEIL.c: 0 warnings, 2 errors
compiling SEGGER_RTT_printf.c...
..\..\external\segger_rtt\SEGGER_RTT.h(121): error:  #20: identifier "SEGGER_RTT_CONFIG_MAX_NUM_UP_BUFFERS" is undefined
    SEGGER_RTT_BUFFER_UP    aUp[SEGGER_RTT_MAX_NUM_UP_BUFFERS];       // Up buffers, transferring information up from target via debug probe to host
..\..\external\segger_rtt\SEGGER_RTT.h(122): error:  #20: identifier "SEGGER_RTT_CONFIG_MAX_NUM_DOWN_BUFFERS" is undefined
    SEGGER_RTT_BUFFER_DOWN  aDown[SEGGER_RTT_MAX_NUM_DOWN_BUFFERS];   // Down buffers, transferring information down from host via debug probe to target
..\..\external\segger_rtt\SEGGER_RTT_printf.c: 0 warnings, 2 errors
compiling nrf_sdh.c...
assembling arm_startup_nrf52840.s...
compiling nrf_sdh_ble.c...
compiling nrf_sdh_soc.c...
compiling system_nrf52.c...
"..\..\components\softdevice\s140\hex\s140_nrf52_7.2.0_softdevice.hex" - 18 Error(s), 3 Warning(s).

<h2>Software Packages used:</h2>

Package Vendor: ARM
                http://www.keil.com/pack/ARM.CMSIS.5.6.0.pack
                ARM.CMSIS.5.6.0
                CMSIS (Cortex Microcontroller Software Interface Standard)
   * Component: CORE Version: 5.3.0

Package Vendor: NordicSemiconductor
                http://developer.nordicsemi.com/nRF5_SDK/pieces/nRF_DeviceFamilyPack/NordicSemiconductor.nRF_DeviceFamilyPack.8.40.3.pack
                NordicSemiconductor.nRF_DeviceFamilyPack.8.40.3
                Nordic Semiconductor nRF ARM devices Device Family Pack with BSD license.
   * Component: Startup Version: 8.40.3

<h2>Collection of Component include folders:</h2>
  .\RTE\_s140_nrf52_7.2.0_softdevice
  C:\Users\vip2884\AppData\Local\Arm\Packs\ARM\CMSIS\5.6.0\CMSIS\Core\Include
  C:\Users\vip2884\AppData\Local\Arm\Packs\NordicSemiconductor\nRF_DeviceFamilyPack\8.40.3\Device\Include

<h2>Collection of Component Files used:</h2>

   * Component: ARM::CMSIS:CORE:5.3.0

   * Component: NordicSemiconductor::Device:Startup:8.40.3
      Source file:   Device\Source\system_nrf52.c
      Include file:  Device\Include\system_nrf.h
      Include file:  Device\Include\system_nrf52840.h
      Source file:   Device\Source\arm\arm_startup_nrf52840.s
Target not created.
Build Time Elapsed:  00:02:01
</pre>
</body>
</html>
